{"content": {"suites": {"0": {"status": {"total_pass": 0, "total_skip": 0, "total_xpass": 0, "total_xfail": 0, "total_rerun": 0, "total_fail": 1, "total_error": 0}, "tests": {"0": {"status": "FAIL", "message": "   selenium.common.exceptions.TimeoutException: Message: \n   Stacktrace:\n   \tGetHandleVerifier [0x00007FF64900EEA2+31554]\n   \t(No symbol) [0x00007FF648F87ED9]\n   \t(No symbol) [0x00007FF648E4872A]\n   \t(No symbol) [0x00007FF648E98434]\n   \t(No symbol) [0x00007FF648E9853C]\n   \t(No symbol) [0x00007FF648EDF6A7]\n   \t(No symbol) [0x00007FF648EBD06F]\n   \t(No symbol) [0x00007FF648EDC977]\n   \t(No symbol) [0x00007FF648EBCDD3]\n   \t(No symbol) [0x00007FF648E8A33B]\n   \t(No symbol) [0x00007FF648E8AED1]\n   \tGetHandleVerifier [0x00007FF649318B1D+3217341]\n   \tGetHandleVerifier [0x00007FF649365AE3+3532675]\n   \tGetHandleVerifier [0x00007FF64935B0E0+3489152]\n   \tGetHandleVerifier [0x00007FF6490BE776+750614]\n   \t(No symbol) [0x00007FF648F9375F]\n   \t(No symbol) [0x00007FF648F8EB14]\n   \t(No symbol) [0x00007FF648F8ECA2]\n   \t(No symbol) [0x00007FF648F7E16F]\n   \tBaseThreadInitThunk [0x00007FFF25C7257D+29]\n   \tRtlUserThreadStart [0x00007FFF26FEAA58+40]\n       AssertionError: An error occurred while waiting for the element: Message: \n       Stacktrace:\n       \tGetHandleVerifier [0x00007FF64900EEA2+31554]\n       \t(No symbol) [0x00007FF648F87ED9]\n       \t(No symbol) [0x00007FF648E4872A]\n       \t(No symbol) [0x00007FF648E98434]\n       \t(No symbol) [0x00007FF648E9853C]\n       \t(No symbol) [0x00007FF648EDF6A7]\n       \t(No symbol) [0x00007FF648EBD06F]\n       \t(No symbol) [0x00007FF648EDC977]\n       \t(No symbol) [0x00007FF648EBCDD3]\n       \t(No symbol) [0x00007FF648E8A33B]\n       \t(No symbol) [0x00007FF648E8AED1]\n       \tGetHandleVerifier [0x00007FF649318B1D+3217341]\n       \tGetHandleVerifier [0x00007FF649365AE3+3532675]\n       \tGetHandleVerifier [0x00007FF64935B0E0+3489152]\n       \tGetHandleVerifier [0x00007FF6490BE776+750614]\n       \t(No symbol) [0x00007FF648F9375F]\n       \t(No symbol) [0x00007FF648F8EB14]\n       \t(No symbol) [0x00007FF648F8ECA2]\n       \t(No symbol) [0x00007FF648F7E16F]\n       \tBaseThreadInitThunk [0x00007FFF25C7257D+29]\n       \tRtlUserThreadStart [0x00007FFF26FEAA58+40]\n", "test_name": "test_filter_compaines", "rerun": "0"}}, "suite_name": "US03-Filter_Options/test_filter _options.py"}}}, "date": "July 04, 2024", "start_time": 1720094750.6630483, "total_suite": 1, "status": "FAIL", "status_list": {"pass": "0", "fail": "1", "skip": "0", "error": "0", "xpass": "0", "xfail": "0", "rerun": "0"}, "total_tests": "1"}