{"content": {"suites": {"0": {"status": {"total_pass": 3, "total_skip": 0, "total_xpass": 0, "total_xfail": 0, "total_rerun": 0, "total_fail": 2, "total_error": 0}, "tests": {"0": {"status": "PASS", "message": "", "test_name": "test_filter_titles", "rerun": "0"}, "1": {"status": "FAIL", "message": "   selenium.common.exceptions.TimeoutException: Message: \n   Stacktrace:\n   \tGetHandleVerifier [0x00007FF6534BEEA2+31554]\n   \t(No symbol) [0x00007FF653437ED9]\n   \t(No symbol) [0x00007FF6532F872A]\n   \t(No symbol) [0x00007FF653348434]\n   \t(No symbol) [0x00007FF65334853C]\n   \t(No symbol) [0x00007FF65338F6A7]\n   \t(No symbol) [0x00007FF65336D06F]\n   \t(No symbol) [0x00007FF65338C977]\n   \t(No symbol) [0x00007FF65336CDD3]\n   \t(No symbol) [0x00007FF65333A33B]\n   \t(No symbol) [0x00007FF65333AED1]\n   \tGetHandleVerifier [0x00007FF6537C8B1D+3217341]\n   \tGetHandleVerifier [0x00007FF653815AE3+3532675]\n   \tGetHandleVerifier [0x00007FF65380B0E0+3489152]\n   \tGetHandleVerifier [0x00007FF65356E776+750614]\n   \t(No symbol) [0x00007FF65344375F]\n   \t(No symbol) [0x00007FF65343EB14]\n   \t(No symbol) [0x00007FF65343ECA2]\n   \t(No symbol) [0x00007FF65342E16F]\n   \tBaseThreadInitThunk [0x00007FF9D91C257D+29]\n   \tRtlUserThreadStart [0x00007FF9DB40AA58+40]\n       AssertionError: An error occurred while waiting for the element: Message: \n       Stacktrace:\n       \tGetHandleVerifier [0x00007FF6534BEEA2+31554]\n       \t(No symbol) [0x00007FF653437ED9]\n       \t(No symbol) [0x00007FF6532F872A]\n       \t(No symbol) [0x00007FF653348434]\n       \t(No symbol) [0x00007FF65334853C]\n       \t(No symbol) [0x00007FF65338F6A7]\n       \t(No symbol) [0x00007FF65336D06F]\n       \t(No symbol) [0x00007FF65338C977]\n       \t(No symbol) [0x00007FF65336CDD3]\n       \t(No symbol) [0x00007FF65333A33B]\n       \t(No symbol) [0x00007FF65333AED1]\n       \tGetHandleVerifier [0x00007FF6537C8B1D+3217341]\n       \tGetHandleVerifier [0x00007FF653815AE3+3532675]\n       \tGetHandleVerifier [0x00007FF65380B0E0+3489152]\n       \tGetHandleVerifier [0x00007FF65356E776+750614]\n       \t(No symbol) [0x00007FF65344375F]\n       \t(No symbol) [0x00007FF65343EB14]\n       \t(No symbol) [0x00007FF65343ECA2]\n       \t(No symbol) [0x00007FF65342E16F]\n       \tBaseThreadInitThunk [0x00007FF9D91C257D+29]\n       \tRtlUserThreadStart [0x00007FF9DB40AA58+40]\n", "test_name": "test_filter_tv_episode", "rerun": "0"}, "2": {"status": "PASS", "message": "", "test_name": "test_fiter_celebs", "rerun": "0"}, "3": {"status": "FAIL", "message": "   selenium.common.exceptions.TimeoutException: Message: \n   Stacktrace:\n   \tGetHandleVerifier [0x00007FF6534BEEA2+31554]\n   \t(No symbol) [0x00007FF653437ED9]\n   \t(No symbol) [0x00007FF6532F872A]\n   \t(No symbol) [0x00007FF653348434]\n   \t(No symbol) [0x00007FF65334853C]\n   \t(No symbol) [0x00007FF65338F6A7]\n   \t(No symbol) [0x00007FF65336D06F]\n   \t(No symbol) [0x00007FF65338C977]\n   \t(No symbol) [0x00007FF65336CDD3]\n   \t(No symbol) [0x00007FF65333A33B]\n   \t(No symbol) [0x00007FF65333AED1]\n   \tGetHandleVerifier [0x00007FF6537C8B1D+3217341]\n   \tGetHandleVerifier [0x00007FF653815AE3+3532675]\n   \tGetHandleVerifier [0x00007FF65380B0E0+3489152]\n   \tGetHandleVerifier [0x00007FF65356E776+750614]\n   \t(No symbol) [0x00007FF65344375F]\n   \t(No symbol) [0x00007FF65343EB14]\n   \t(No symbol) [0x00007FF65343ECA2]\n   \t(No symbol) [0x00007FF65342E16F]\n   \tBaseThreadInitThunk [0x00007FF9D91C257D+29]\n   \tRtlUserThreadStart [0x00007FF9DB40AA58+40]\n       AssertionError: An error occurred while waiting for the element: Message: \n       Stacktrace:\n       \tGetHandleVerifier [0x00007FF6534BEEA2+31554]\n       \t(No symbol) [0x00007FF653437ED9]\n       \t(No symbol) [0x00007FF6532F872A]\n       \t(No symbol) [0x00007FF653348434]\n       \t(No symbol) [0x00007FF65334853C]\n       \t(No symbol) [0x00007FF65338F6A7]\n       \t(No symbol) [0x00007FF65336D06F]\n       \t(No symbol) [0x00007FF65338C977]\n       \t(No symbol) [0x00007FF65336CDD3]\n       \t(No symbol) [0x00007FF65333A33B]\n       \t(No symbol) [0x00007FF65333AED1]\n       \tGetHandleVerifier [0x00007FF6537C8B1D+3217341]\n       \tGetHandleVerifier [0x00007FF653815AE3+3532675]\n       \tGetHandleVerifier [0x00007FF65380B0E0+3489152]\n       \tGetHandleVerifier [0x00007FF65356E776+750614]\n       \t(No symbol) [0x00007FF65344375F]\n       \t(No symbol) [0x00007FF65343EB14]\n       \t(No symbol) [0x00007FF65343ECA2]\n       \t(No symbol) [0x00007FF65342E16F]\n       \tBaseThreadInitThunk [0x00007FF9D91C257D+29]\n       \tRtlUserThreadStart [0x00007FF9DB40AA58+40]\n", "test_name": "test_filter_compaines", "rerun": "0"}, "4": {"status": "PASS", "message": "", "test_name": "test_filter_advanced_search", "rerun": "0"}}, "suite_name": "US03-Filter_Options/test_filter _options.py"}}}, "date": "July 05, 2024", "start_time": 1720193355.069866, "total_suite": 1, "status": "FAIL", "status_list": {"pass": "3", "fail": "2", "skip": "0", "error": "0", "xpass": "0", "xfail": "0", "rerun": "0"}, "total_tests": "5"}