{"content": {"suites": {"0": {"status": {"total_pass": 0, "total_skip": 0, "total_xpass": 0, "total_xfail": 0, "total_rerun": 0, "total_fail": 1, "total_error": 0}, "tests": {"0": {"status": "FAIL", "message": "   selenium.common.exceptions.NoSuchWindowException: Message: no such window: target window already closed\n   from unknown error: web view not found\n     (Session info: chrome=126.0.6478.127)\n   Stacktrace:\n   \tGetHandleVerifier [0x00007FF76606EEA2+31554]\n   \t(No symbol) [0x00007FF765FE7ED9]\n   \t(No symbol) [0x00007FF765EA872A]\n   \t(No symbol) [0x00007FF765E7D995]\n   \t(No symbol) [0x00007FF765F244D7]\n   \t(No symbol) [0x00007FF765F3C051]\n   \t(No symbol) [0x00007FF765F1CDD3]\n   \t(No symbol) [0x00007FF765EEA33B]\n   \t(No symbol) [0x00007FF765EEAED1]\n   \tGetHandleVerifier [0x00007FF766378B1D+3217341]\n   \tGetHandleVerifier [0x00007FF7663C5AE3+3532675]\n   \tGetHandleVerifier [0x00007FF7663BB0E0+3489152]\n   \tGetHandleVerifier [0x00007FF76611E776+750614]\n   \t(No symbol) [0x00007FF765FF375F]\n   \t(No symbol) [0x00007FF765FEEB14]\n   \t(No symbol) [0x00007FF765FEECA2]\n   \t(No symbol) [0x00007FF765FDE16F]\n   \tBaseThreadInitThunk [0x00007FFF25C7257D+29]\n   \tRtlUserThreadStart [0x00007FFF26FEAA58+40]\n   selenium.common.exceptions.NoSuchWindowException: Message: no such window: target window already closed\n   from unknown error: web view not found\n     (Session info: chrome=126.0.6478.127)\n   Stacktrace:\n   \tGetHandleVerifier [0x00007FF76606EEA2+31554]\n   \t(No symbol) [0x00007FF765FE7ED9]\n   \t(No symbol) [0x00007FF765EA872A]\n   \t(No symbol) [0x00007FF765E7D995]\n   \t(No symbol) [0x00007FF765F244D7]\n   \t(No symbol) [0x00007FF765F3C051]\n   \t(No symbol) [0x00007FF765F1CDD3]\n   \t(No symbol) [0x00007FF765EEA33B]\n   \t(No symbol) [0x00007FF765EEAED1]\n   \tGetHandleVerifier [0x00007FF766378B1D+3217341]\n   \tGetHandleVerifier [0x00007FF7663C5AE3+3532675]\n   \tGetHandleVerifier [0x00007FF7663BB0E0+3489152]\n   \tGetHandleVerifier [0x00007FF76611E776+750614]\n   \t(No symbol) [0x00007FF765FF375F]\n   \t(No symbol) [0x00007FF765FEEB14]\n   \t(No symbol) [0x00007FF765FEECA2]\n   \t(No symbol) [0x00007FF765FDE16F]\n   \tBaseThreadInitThunk [0x00007FFF25C7257D+29]\n   \tRtlUserThreadStart [0x00007FFF26FEAA58+40]\n", "test_name": "test_filter_compaines", "rerun": "0"}}, "suite_name": "US03-Filter_Options/test_filter _options.py"}}}, "date": "July 04, 2024", "start_time": 1720095041.964724, "total_suite": 1, "status": "FAIL", "status_list": {"pass": "0", "fail": "1", "skip": "0", "error": "0", "xpass": "0", "xfail": "0", "rerun": "0"}, "total_tests": "1"}